<?xml version="1.0" encoding="UTF-8"?>
<!-- Generated by org.testng.reporters.JUnitReportReporter -->
<testsuite hostname="DESKTOP-V3JM1TS" failures="0" tests="4" name="tests.SearchTest" time="36.265" errors="0" timestamp="2022-06-22T21:16:42 EDT" skipped="0">
  <testcase classname="tests.SearchTest" name="searchItemTest" time="7.358"/>
  <testcase classname="tests.SearchTest" name="hoverTest" time="5.977"/>
  <testcase classname="tests.SearchTest" name="customerServiceTest" time="10.994"/>
  <testcase classname="tests.SearchTest" name="screenShotTest" time="11.936"/>
</testsuite> <!-- tests.SearchTest -->
